<?xml version="1.0" encoding="UTF-8"?>
<robot generator="Robot 4.1.3 (Python 3.9.7 on linux)" generated="20220317 08:49:56.465" rpa="false" schemaversion="2">
<suite id="s1" name="Setting" source="/home/pravin/PycharmProjects/DrcProject/Automation/setting.robot">
<test id="s1-t1" name="Open Setting">
<kw name="Open Browser" library="SeleniumLibrary">
<arg>http://localhost:3000/</arg>
<arg>chrome</arg>
<doc>Opens a new browser instance to the optional ``url``.</doc>
<msg timestamp="20220317 08:49:56.549" level="INFO">Opening browser 'chrome' to base url 'http://localhost:3000/'.</msg>
<status status="PASS" starttime="20220317 08:49:56.548" endtime="20220317 08:49:58.691"/>
</kw>
<kw name="Click Element" library="SeleniumLibrary">
<arg>//*[@id="root"]/div/div/div[1]/div[1]/button</arg>
<doc>Click the element identified by ``locator``.</doc>
<msg timestamp="20220317 08:49:58.692" level="INFO">Clicking element '//*[@id="root"]/div/div/div[1]/div[1]/button'.</msg>
<status status="PASS" starttime="20220317 08:49:58.691" endtime="20220317 08:49:58.763"/>
</kw>
<kw name="Click Element" library="SeleniumLibrary">
<arg>//*[@id="root"]/div/div/div[2]/div[2]/div[2]/div[2]/button</arg>
<doc>Click the element identified by ``locator``.</doc>
<msg timestamp="20220317 08:49:58.763" level="INFO">Clicking element '//*[@id="root"]/div/div/div[2]/div[2]/div[2]/div[2]/button'.</msg>
<status status="PASS" starttime="20220317 08:49:58.763" endtime="20220317 08:49:58.797"/>
</kw>
<kw name="Sleep" library="BuiltIn">
<arg>3</arg>
<doc>Pauses the test executed for the given time.</doc>
<msg timestamp="20220317 08:50:01.797" level="INFO">Slept 3 seconds</msg>
<status status="PASS" starttime="20220317 08:49:58.797" endtime="20220317 08:50:01.798"/>
</kw>
<kw name="Close Browser" library="SeleniumLibrary">
<doc>Closes the current browser.</doc>
<status status="PASS" starttime="20220317 08:50:01.798" endtime="20220317 08:50:01.857"/>
</kw>
<status status="PASS" starttime="20220317 08:49:56.548" endtime="20220317 08:50:01.858"/>
</test>
<doc>Suite description</doc>
<status status="PASS" starttime="20220317 08:49:56.466" endtime="20220317 08:50:01.858"/>
</suite>
<statistics>
<total>
<stat pass="1" fail="0" skip="0">All Tests</stat>
</total>
<tag>
</tag>
<suite>
<stat pass="1" fail="0" skip="0" id="s1" name="Setting">Setting</stat>
</suite>
</statistics>
<errors>
</errors>
</robot>
